C:\CINDER\OFX\0.062\APPS\MYAPPS\OFXTRACKER02\BIN\JUGGLINTRACKER02.EXE
C:\CINDER\OFX\0.062\APPS\MYAPPS\OFXTRACKER02\OBJ\RELEASE\BLOBTRACKER.OBJ
C:\cinder\ofX\0.062\apps\myApps\ofxtracker02\obj\Release\cl.command.1.tlog
C:\cinder\ofX\0.062\apps\myApps\ofxtracker02\obj\Release\CL.read.1.tlog
C:\cinder\ofX\0.062\apps\myApps\ofxtracker02\obj\Release\CL.write.1.tlog
C:\CINDER\OFX\0.062\APPS\MYAPPS\OFXTRACKER02\OBJ\RELEASE\GUIBASEOBJECT.OBJ
C:\CINDER\OFX\0.062\APPS\MYAPPS\OFXTRACKER02\OBJ\RELEASE\GUICALLBACK.OBJ
C:\CINDER\OFX\0.062\APPS\MYAPPS\OFXTRACKER02\OBJ\RELEASE\GUICALLBACKVALUE.OBJ
C:\CINDER\OFX\0.062\APPS\MYAPPS\OFXTRACKER02\OBJ\RELEASE\GUICOLOR.OBJ
C:\CINDER\OFX\0.062\APPS\MYAPPS\OFXTRACKER02\OBJ\RELEASE\GUITEXTBASE.OBJ
C:\CINDER\OFX\0.062\APPS\MYAPPS\OFXTRACKER02\OBJ\RELEASE\GUITYPE2DSLIDER.OBJ
C:\CINDER\OFX\0.062\APPS\MYAPPS\OFXTRACKER02\OBJ\RELEASE\GUITYPEBUTTONSLIDER.OBJ
C:\CINDER\OFX\0.062\APPS\MYAPPS\OFXTRACKER02\OBJ\RELEASE\GUITYPECHARTPLOTTER.OBJ
C:\CINDER\OFX\0.062\APPS\MYAPPS\OFXTRACKER02\OBJ\RELEASE\GUITYPECUSTOM.OBJ
C:\CINDER\OFX\0.062\APPS\MYAPPS\OFXTRACKER02\OBJ\RELEASE\GUITYPEDRAWABLE.OBJ
C:\CINDER\OFX\0.062\APPS\MYAPPS\OFXTRACKER02\OBJ\RELEASE\GUITYPEFILELISTER.OBJ
C:\CINDER\OFX\0.062\APPS\MYAPPS\OFXTRACKER02\OBJ\RELEASE\GUITYPELABEL.OBJ
C:\CINDER\OFX\0.062\APPS\MYAPPS\OFXTRACKER02\OBJ\RELEASE\GUITYPELOGGER.OBJ
C:\CINDER\OFX\0.062\APPS\MYAPPS\OFXTRACKER02\OBJ\RELEASE\GUITYPEMULTITOGGLE.OBJ
C:\CINDER\OFX\0.062\APPS\MYAPPS\OFXTRACKER02\OBJ\RELEASE\GUITYPEPANEL.OBJ
C:\CINDER\OFX\0.062\APPS\MYAPPS\OFXTRACKER02\OBJ\RELEASE\GUITYPESLIDER.OBJ
C:\CINDER\OFX\0.062\APPS\MYAPPS\OFXTRACKER02\OBJ\RELEASE\GUITYPETEXT.OBJ
C:\CINDER\OFX\0.062\APPS\MYAPPS\OFXTRACKER02\OBJ\RELEASE\GUITYPETEXTDROPDOWN.OBJ
C:\CINDER\OFX\0.062\APPS\MYAPPS\OFXTRACKER02\OBJ\RELEASE\GUITYPETEXTINPUT.OBJ
C:\CINDER\OFX\0.062\APPS\MYAPPS\OFXTRACKER02\OBJ\RELEASE\GUITYPETOGGLE.OBJ
C:\CINDER\OFX\0.062\APPS\MYAPPS\OFXTRACKER02\OBJ\RELEASE\GUITYPEVAIRABLELISTER.OBJ
C:\CINDER\OFX\0.062\APPS\MYAPPS\OFXTRACKER02\OBJ\RELEASE\GUITYPEVIDEO.OBJ
C:\CINDER\OFX\0.062\APPS\MYAPPS\OFXTRACKER02\OBJ\RELEASE\GUIVALUE.OBJ
C:\CINDER\OFX\0.062\APPS\MYAPPS\OFXTRACKER02\OBJ\RELEASE\JUGGLINTRACKER02.EXE.INTERMEDIATE.MANIFEST
C:\cinder\ofX\0.062\apps\myApps\ofxtracker02\obj\Release\jugglinTracker02.write.1.tlog
C:\cinder\ofX\0.062\apps\myApps\ofxtracker02\obj\Release\link.1160.read.1.tlog
C:\cinder\ofX\0.062\apps\myApps\ofxtracker02\obj\Release\link.1160.write.1.tlog
C:\cinder\ofX\0.062\apps\myApps\ofxtracker02\obj\Release\link.1400.read.1.tlog
C:\cinder\ofX\0.062\apps\myApps\ofxtracker02\obj\Release\link.1400.write.1.tlog
C:\cinder\ofX\0.062\apps\myApps\ofxtracker02\obj\Release\link.1856.read.1.tlog
C:\cinder\ofX\0.062\apps\myApps\ofxtracker02\obj\Release\link.1856.write.1.tlog
C:\cinder\ofX\0.062\apps\myApps\ofxtracker02\obj\Release\link.2552.read.1.tlog
C:\cinder\ofX\0.062\apps\myApps\ofxtracker02\obj\Release\link.2552.write.1.tlog
C:\cinder\ofX\0.062\apps\myApps\ofxtracker02\obj\Release\link.2676.read.1.tlog
C:\cinder\ofX\0.062\apps\myApps\ofxtracker02\obj\Release\link.2676.write.1.tlog
C:\cinder\ofX\0.062\apps\myApps\ofxtracker02\obj\Release\link.3956.read.1.tlog
C:\cinder\ofX\0.062\apps\myApps\ofxtracker02\obj\Release\link.3956.write.1.tlog
C:\cinder\ofX\0.062\apps\myApps\ofxtracker02\obj\Release\link.3972.read.1.tlog
C:\cinder\ofX\0.062\apps\myApps\ofxtracker02\obj\Release\link.3972.write.1.tlog
C:\cinder\ofX\0.062\apps\myApps\ofxtracker02\obj\Release\link.5100.read.1.tlog
C:\cinder\ofX\0.062\apps\myApps\ofxtracker02\obj\Release\link.5100.write.1.tlog
C:\cinder\ofX\0.062\apps\myApps\ofxtracker02\obj\Release\link.5672.read.1.tlog
C:\cinder\ofX\0.062\apps\myApps\ofxtracker02\obj\Release\link.5672.write.1.tlog
C:\cinder\ofX\0.062\apps\myApps\ofxtracker02\obj\Release\link.5780.read.1.tlog
C:\cinder\ofX\0.062\apps\myApps\ofxtracker02\obj\Release\link.5780.write.1.tlog
C:\cinder\ofX\0.062\apps\myApps\ofxtracker02\obj\Release\link.6472.read.1.tlog
C:\cinder\ofX\0.062\apps\myApps\ofxtracker02\obj\Release\link.6472.write.1.tlog
C:\cinder\ofX\0.062\apps\myApps\ofxtracker02\obj\Release\link.7060.read.1.tlog
C:\cinder\ofX\0.062\apps\myApps\ofxtracker02\obj\Release\link.7060.write.1.tlog
C:\cinder\ofX\0.062\apps\myApps\ofxtracker02\obj\Release\link.7164.read.1.tlog
C:\cinder\ofX\0.062\apps\myApps\ofxtracker02\obj\Release\link.7164.write.1.tlog
C:\cinder\ofX\0.062\apps\myApps\ofxtracker02\obj\Release\link.7256.read.1.tlog
C:\cinder\ofX\0.062\apps\myApps\ofxtracker02\obj\Release\link.7256.write.1.tlog
C:\cinder\ofX\0.062\apps\myApps\ofxtracker02\obj\Release\link.7260.read.1.tlog
C:\cinder\ofX\0.062\apps\myApps\ofxtracker02\obj\Release\link.7260.write.1.tlog
C:\cinder\ofX\0.062\apps\myApps\ofxtracker02\obj\Release\link.8104.read.1.tlog
C:\cinder\ofX\0.062\apps\myApps\ofxtracker02\obj\Release\link.8104.write.1.tlog
C:\cinder\ofX\0.062\apps\myApps\ofxtracker02\obj\Release\link.8232.read.1.tlog
C:\cinder\ofX\0.062\apps\myApps\ofxtracker02\obj\Release\link.8232.write.1.tlog
C:\cinder\ofX\0.062\apps\myApps\ofxtracker02\obj\Release\link.8248.read.1.tlog
C:\cinder\ofX\0.062\apps\myApps\ofxtracker02\obj\Release\link.8248.write.1.tlog
C:\cinder\ofX\0.062\apps\myApps\ofxtracker02\obj\Release\link.8332.read.1.tlog
C:\cinder\ofX\0.062\apps\myApps\ofxtracker02\obj\Release\link.8332.write.1.tlog
C:\cinder\ofX\0.062\apps\myApps\ofxtracker02\obj\Release\link.8684.read.1.tlog
C:\cinder\ofX\0.062\apps\myApps\ofxtracker02\obj\Release\link.8684.write.1.tlog
C:\cinder\ofX\0.062\apps\myApps\ofxtracker02\obj\Release\link.8784.read.1.tlog
C:\cinder\ofX\0.062\apps\myApps\ofxtracker02\obj\Release\link.8784.write.1.tlog
C:\cinder\ofX\0.062\apps\myApps\ofxtracker02\obj\Release\link.9068.read.1.tlog
C:\cinder\ofX\0.062\apps\myApps\ofxtracker02\obj\Release\link.9068.write.1.tlog
C:\cinder\ofX\0.062\apps\myApps\ofxtracker02\obj\Release\link.9184.read.1.tlog
C:\cinder\ofX\0.062\apps\myApps\ofxtracker02\obj\Release\link.9184.write.1.tlog
C:\cinder\ofX\0.062\apps\myApps\ofxtracker02\obj\Release\link.command.1.tlog
C:\cinder\ofX\0.062\apps\myApps\ofxtracker02\obj\Release\link.read.1.tlog
C:\cinder\ofX\0.062\apps\myApps\ofxtracker02\obj\Release\link.write.1.tlog
C:\CINDER\OFX\0.062\APPS\MYAPPS\OFXTRACKER02\OBJ\RELEASE\MAIN.OBJ
C:\cinder\ofX\0.062\apps\myApps\ofxtracker02\obj\Release\mt.command.1.tlog
C:\cinder\ofX\0.062\apps\myApps\ofxtracker02\obj\Release\mt.read.1.tlog
C:\cinder\ofX\0.062\apps\myApps\ofxtracker02\obj\Release\mt.write.1.tlog
C:\CINDER\OFX\0.062\APPS\MYAPPS\OFXTRACKER02\OBJ\RELEASE\OFXCONTROLPANEL.OBJ
C:\CINDER\OFX\0.062\APPS\MYAPPS\OFXTRACKER02\OBJ\RELEASE\OFXCVCOLORIMAGE.OBJ
C:\CINDER\OFX\0.062\APPS\MYAPPS\OFXTRACKER02\OBJ\RELEASE\OFXCVCONTOURFINDER.OBJ
C:\CINDER\OFX\0.062\APPS\MYAPPS\OFXTRACKER02\OBJ\RELEASE\OFXCVFLOATIMAGE.OBJ
C:\CINDER\OFX\0.062\APPS\MYAPPS\OFXTRACKER02\OBJ\RELEASE\OFXCVGRAYSCALEIMAGE.OBJ
C:\CINDER\OFX\0.062\APPS\MYAPPS\OFXTRACKER02\OBJ\RELEASE\OFXCVIMAGE.OBJ
C:\CINDER\OFX\0.062\APPS\MYAPPS\OFXTRACKER02\OBJ\RELEASE\OFXCVSHORTIMAGE.OBJ
C:\CINDER\OFX\0.062\APPS\MYAPPS\OFXTRACKER02\OBJ\RELEASE\OFXDIRLIST.OBJ
C:\CINDER\OFX\0.062\APPS\MYAPPS\OFXTRACKER02\OBJ\RELEASE\OFXKINECT.OBJ
C:\CINDER\OFX\0.062\APPS\MYAPPS\OFXTRACKER02\OBJ\RELEASE\OFXKINECTCALIBRATION.OBJ
C:\CINDER\OFX\0.062\APPS\MYAPPS\OFXTRACKER02\OBJ\RELEASE\OFXKINECTPLAYER.OBJ
C:\CINDER\OFX\0.062\APPS\MYAPPS\OFXTRACKER02\OBJ\RELEASE\OFXKINECTRECORDER.OBJ
C:\CINDER\OFX\0.062\APPS\MYAPPS\OFXTRACKER02\OBJ\RELEASE\OFXMATRIX4X4.OBJ
C:\CINDER\OFX\0.062\APPS\MYAPPS\OFXTRACKER02\OBJ\RELEASE\OFXQUATERNION.OBJ
C:\CINDER\OFX\0.062\APPS\MYAPPS\OFXTRACKER02\OBJ\RELEASE\OFXTHREAD.OBJ
C:\CINDER\OFX\0.062\APPS\MYAPPS\OFXTRACKER02\OBJ\RELEASE\OFXXMLSETTINGS.OBJ
C:\cinder\ofX\0.062\apps\myApps\ofxtracker02\obj\Release\ResolveAssemblyReference.cache
C:\CINDER\OFX\0.062\APPS\MYAPPS\OFXTRACKER02\OBJ\RELEASE\SIMPLECOLOR.OBJ
C:\CINDER\OFX\0.062\APPS\MYAPPS\OFXTRACKER02\OBJ\RELEASE\SIMPLEFILELISTER.OBJ
C:\CINDER\OFX\0.062\APPS\MYAPPS\OFXTRACKER02\OBJ\RELEASE\SIMPLELOGGER.OBJ
C:\CINDER\OFX\0.062\APPS\MYAPPS\OFXTRACKER02\OBJ\RELEASE\TESTAPP.OBJ
C:\CINDER\OFX\0.062\APPS\MYAPPS\OFXTRACKER02\OBJ\RELEASE\TINYXML.OBJ
C:\CINDER\OFX\0.062\APPS\MYAPPS\OFXTRACKER02\OBJ\RELEASE\TINYXMLERROR.OBJ
C:\CINDER\OFX\0.062\APPS\MYAPPS\OFXTRACKER02\OBJ\RELEASE\TINYXMLPARSER.OBJ
