Build started 3/25/2011 8:21:19 PM.
     1>Project "C:\cinder\ofX\0.062\apps\myApps\ofxtracker02\kinectExample.vcxproj" on node 3 (build target(s)).
     1>InitializeBuildStatus:
         Touching "obj\Release\jugglinTracker02.unsuccessfulbuild".
       ClCompile:
         C:\Program Files (x86)\Microsoft Visual Studio 10.0\VC\bin\CL.exe /c /I..\..\..\libs\openFrameworks /I..\..\..\libs\openFrameworks\graphics /I..\..\..\libs\openFrameworks\app /I..\..\..\libs\openFrameworks\sound /I..\..\..\libs\openFrameworks\utils /I..\..\..\libs\openFrameworks\communication /I..\..\..\libs\openFrameworks\video /I..\..\..\libs\openFrameworks\events /I..\..\..\libs\glut\include /I..\..\..\libs\rtAudio\include /I..\..\..\libs\quicktime\include /I..\..\..\libs\freetype\include /I..\..\..\libs\freetype\include\freetype2 /I..\..\..\libs\freeImage\include /I..\..\..\libs\fmodex\include /I..\..\..\libs\videoInput\include /I..\..\..\libs\glee\include /I..\..\..\libs\glu\include /I..\..\..\libs\poco\include /I..\..\..\addons /I..\..\..\addons\ofxNetwork\src /I..\..\..\addons\ofxOpenCv\src /I..\..\..\addons\ofxOpenCv\libs\opencv\include /I..\..\..\addons\ofxKinect\src /I..\..\..\addons\ofxKinect\libs\libfreenect /I..\..\..\addons\ofxObjLoader\src /I..\..\..\addons\ofxThread\src /I..\..\..\addons\ofxDirList\src /I..\..\..\addons\ofxXmlSettings\src /I..\..\..\addons\ofxXmlSettings\libs /I..\..\..\addons\ofxOsc\src /I..\..\..\addons\ofxOsc\libs\oscpack\include\ip /I..\..\..\addons\ofxOsc\libs\oscpack\include\osc /I..\..\..\addons\ofx3DModelLoader\src /I..\..\..\addons\ofx3DModelLoader\src\3DS /I..\..\..\addons\ofxVectorGraphics\src /I..\..\..\addons\ofxVectorGraphics\libs /I..\..\..\addons\ofxVectorMath\src /Isrc\ofxControlPanel\src /nologo /W3 /WX- /O2 /Oy- /D WIN32 /D NDEBUG /D _CONSOLE /D POCO_STATIC /D _UNICODE /D UNICODE /Gm- /EHsc /MD /GS /fp:precise /Zc:wchar_t /Zc:forScope /Fo"obj\Release\\" /Fd"obj\Release\vc100.pdb" /Gd /TP /analyze- /errorReport:prompt ..\..\..\addons\ofxOsc\src\ofxOscBundle.cpp ..\..\..\addons\ofxOsc\src\ofxOscMessage.cpp ..\..\..\addons\ofxOsc\src\ofxOscReceiver.cpp ..\..\..\addons\ofxOsc\src\ofxOscSender.cpp src\main.cpp src\oscTrackingReceiver.cpp src\oscTrackingSender.cpp src\testApp.cpp
         ofxOscBundle.cpp
         ofxOscMessage.cpp
     1>..\..\..\addons\ofxOsc\src\ofxOscMessage.cpp(92): warning C4244: 'return' : conversion from 'float' to 'gint32_t', possible loss of data
     1>..\..\..\addons\ofxOsc\src\ofxOscMessage.cpp(112): warning C4244: 'return' : conversion from 'gint32_t' to 'float', possible loss of data
         ofxOscReceiver.cpp
         ofxOscSender.cpp
         main.cpp
         oscTrackingReceiver.cpp
         oscTrackingSender.cpp
         testApp.cpp
         Generating Code...
       Link:
         C:\Program Files (x86)\Microsoft Visual Studio 10.0\VC\bin\link.exe /ERRORREPORT:PROMPT /OUT:"bin\jugglinTracker02.exe" /INCREMENTAL:NO /NOLOGO /LIBPATH:..\..\..\libs\glut\lib\vs2010 /LIBPATH:..\..\..\libs\rtAudio\lib\vs2010 /LIBPATH:..\..\..\libs\FreeImage\lib\vs2010 /LIBPATH:..\..\..\libs\freetype\lib\vs2010 /LIBPATH:..\..\..\libs\quicktime\lib\vs2010 /LIBPATH:..\..\..\libs\fmodex\lib\vs2010 /LIBPATH:..\..\..\libs\videoInput\lib\vs2010 /LIBPATH:..\..\..\libs\glee\lib\vs2010 /LIBPATH:..\..\..\libs\glu\lib\vs2010 /LIBPATH:..\..\..\libs\Poco\lib\vs2010 /LIBPATH:..\..\..\libs\openFrameworksCompiled\lib\vs2010 /LIBPATH:..\..\..\addons\ofxOpenCv\libs\opencv\lib\vs2010 /LIBPATH:..\..\..\addons\ofxKinect\libs\libfreenect\lib\vs2010 openframeworksLib.lib OpenGL32.lib GLu32.lib kernel32.lib setupapi.lib glut32.lib rtAudio.lib videoInput.lib libfreetype.lib FreeImage.lib qtmlClient.lib dsound.lib user32.lib gdi32.lib winspool.lib comdlg32.lib advapi32.lib shell32.lib ole32.lib oleaut32.lib uuid.lib GLee.lib fmodex_vc.lib glu32.lib PocoFoundationmt.lib PocoNetmt.lib PocoUtilmt.lib PocoXMLmt.lib Ws2_32.lib cv110.lib cvaux110.lib cxcore110.lib freenect.lib kernel32.lib user32.lib gdi32.lib winspool.lib comdlg32.lib advapi32.lib shell32.lib ole32.lib oleaut32.lib uuid.lib odbc32.lib odbccp32.lib /NODEFAULTLIB:atlthunk.lib /NODEFAULTLIB:LIBC.lib /NODEFAULTLIB:LIBCMT /MANIFEST /ManifestFile:"obj\Release\jugglinTracker02.exe.intermediate.manifest" /MANIFESTUAC:"level='asInvoker' uiAccess='false'" /PDB:"C:\cinder\ofX\0.062\apps\myApps\ofxtracker02\bin\jugglinTracker02.pdb" /SUBSYSTEM:CONSOLE /OPT:REF /OPT:ICF /TLBID:1 /DYNAMICBASE:NO /IMPLIB:"bin\jugglinTracker02.lib" /MACHINE:X86 obj\Release\ofxDirList.obj
         obj\Release\ofxCvColorImage.obj
         obj\Release\ofxCvContourFinder.obj
         obj\Release\ofxCvFloatImage.obj
         obj\Release\ofxCvGrayscaleImage.obj
         obj\Release\ofxCvImage.obj
         obj\Release\ofxCvShortImage.obj
         obj\Release\ofxOscBundle.obj
         obj\Release\ofxOscMessage.obj
         obj\Release\ofxOscReceiver.obj
         obj\Release\ofxOscSender.obj
         obj\Release\ofxMatrix4x4.obj
         obj\Release\ofxQuaternion.obj
         obj\Release\ofxThread.obj
         obj\Release\ofxKinect.obj
         obj\Release\ofxKinectCalibration.obj
         obj\Release\ofxKinectPlayer.obj
         obj\Release\ofxKinectRecorder.obj
         obj\Release\tinyxml.obj
         obj\Release\tinyxmlerror.obj
         obj\Release\tinyxmlparser.obj
         obj\Release\ofxXmlSettings.obj
         obj\Release\blobTracker.obj
         obj\Release\main.obj
         obj\Release\guiBaseObject.obj
         obj\Release\guiCallback.obj
         obj\Release\guiCallbackValue.obj
         obj\Release\guiColor.obj
         obj\Release\guiTextBase.obj
         obj\Release\guiType2DSlider.obj
         obj\Release\guiTypeButtonSlider.obj
         obj\Release\guiTypeChartPlotter.obj
         obj\Release\guiTypeCustom.obj
         obj\Release\guiTypeDrawable.obj
         obj\Release\guiTypeFileLister.obj
         obj\Release\guiTypeLabel.obj
         obj\Release\guiTypeLogger.obj
         obj\Release\guiTypeMultiToggle.obj
         obj\Release\guiTypePanel.obj
         obj\Release\guiTypeSlider.obj
         obj\Release\guiTypeText.obj
         obj\Release\guiTypeTextDropDown.obj
         obj\Release\guiTypeTextInput.obj
         obj\Release\guiTypeToggle.obj
         obj\Release\guiTypeVairableLister.obj
         obj\Release\guiTypeVideo.obj
         obj\Release\guiValue.obj
         obj\Release\ofxControlPanel.obj
         obj\Release\simpleColor.obj
         obj\Release\simpleFileLister.obj
         obj\Release\simpleLogger.obj
         obj\Release\oscTrackingReceiver.obj
         obj\Release\oscTrackingSender.obj
         obj\Release\testApp.obj
         C:\cinder\ofX\0.062\libs\openFrameworksCompiled\lib\vs2010\openframeworksLib.lib
         cv110.lib(cvcolor.obj) : MSIL .netmodule or module compiled with /GL found; restarting link with /LTCG; add /LTCG to the link command line to improve linker performance
     1>ofxOscReceiver.obj : error LNK2001: unresolved external symbol "private: void __thiscall osc::ReceivedMessageArgumentIterator::Advance(void)" (?Advance@ReceivedMessageArgumentIterator@osc@@AAEXXZ)
     1>ofxOscReceiver.obj : error LNK2001: unresolved external symbol "public: __thiscall SocketReceiveMultiplexer::~SocketReceiveMultiplexer(void)" (??1SocketReceiveMultiplexer@@QAE@XZ)
     1>ofxOscReceiver.obj : error LNK2001: unresolved external symbol "public: virtual __thiscall UdpSocket::~UdpSocket(void)" (??1UdpSocket@@UAE@XZ)
     1>ofxOscSender.obj : error LNK2001: unresolved external symbol "public: virtual __thiscall UdpSocket::~UdpSocket(void)" (??1UdpSocket@@UAE@XZ)
     1>ofxOscReceiver.obj : error LNK2001: unresolved external symbol "public: void __thiscall SocketReceiveMultiplexer::AttachSocketListener(class UdpSocket *,class PacketListener *)" (?AttachSocketListener@SocketReceiveMultiplexer@@QAEXPAVUdpSocket@@PAVPacketListener@@@Z)
     1>ofxOscReceiver.obj : error LNK2001: unresolved external symbol "public: void __thiscall UdpSocket::Bind(class IpEndpointName const &)" (?Bind@UdpSocket@@QAEXABVIpEndpointName@@@Z)
     1>ofxOscReceiver.obj : error LNK2001: unresolved external symbol "public: __thiscall SocketReceiveMultiplexer::SocketReceiveMultiplexer(void)" (??0SocketReceiveMultiplexer@@QAE@XZ)
     1>ofxOscReceiver.obj : error LNK2001: unresolved external symbol "public: __thiscall UdpSocket::UdpSocket(void)" (??0UdpSocket@@QAE@XZ)
     1>ofxOscSender.obj : error LNK2001: unresolved external symbol "public: __thiscall UdpSocket::UdpSocket(void)" (??0UdpSocket@@QAE@XZ)
     1>ofxOscReceiver.obj : error LNK2001: unresolved external symbol "public: void __thiscall SocketReceiveMultiplexer::DetachSocketListener(class UdpSocket *,class PacketListener *)" (?DetachSocketListener@SocketReceiveMultiplexer@@QAEXPAVUdpSocket@@PAVPacketListener@@@Z)
     1>ofxOscReceiver.obj : error LNK2001: unresolved external symbol "public: void __thiscall SocketReceiveMultiplexer::Run(void)" (?Run@SocketReceiveMultiplexer@@QAEXXZ)
     1>ofxOscReceiver.obj : error LNK2001: unresolved external symbol "public: void __thiscall SocketReceiveMultiplexer::AsynchronousBreak(void)" (?AsynchronousBreak@SocketReceiveMultiplexer@@QAEXXZ)
     1>ofxOscReceiver.obj : error LNK2001: unresolved external symbol "public: long __thiscall osc::ReceivedBundleElement::Size(void)const " (?Size@ReceivedBundleElement@osc@@QBEJXZ)
     1>ofxOscReceiver.obj : error LNK2001: unresolved external symbol "public: __thiscall osc::ReceivedMessage::ReceivedMessage(class osc::ReceivedPacket const &)" (??0ReceivedMessage@osc@@QAE@ABVReceivedPacket@1@@Z)
     1>ofxOscReceiver.obj : error LNK2001: unresolved external symbol "public: __thiscall osc::ReceivedBundle::ReceivedBundle(class osc::ReceivedPacket const &)" (??0ReceivedBundle@osc@@QAE@ABVReceivedPacket@1@@Z)
     1>ofxOscReceiver.obj : error LNK2001: unresolved external symbol "public: bool __thiscall osc::ReceivedPacket::IsBundle(void)const " (?IsBundle@ReceivedPacket@osc@@QBE_NXZ)
     1>ofxOscReceiver.obj : error LNK2001: unresolved external symbol "public: __thiscall osc::ReceivedMessage::ReceivedMessage(class osc::ReceivedBundleElement const &)" (??0ReceivedMessage@osc@@QAE@ABVReceivedBundleElement@1@@Z)
     1>ofxOscReceiver.obj : error LNK2001: unresolved external symbol "public: __thiscall osc::ReceivedBundle::ReceivedBundle(class osc::ReceivedBundleElement const &)" (??0ReceivedBundle@osc@@QAE@ABVReceivedBundleElement@1@@Z)
     1>ofxOscReceiver.obj : error LNK2001: unresolved external symbol "public: bool __thiscall osc::ReceivedBundleElement::IsBundle(void)const " (?IsBundle@ReceivedBundleElement@osc@@QBE_NXZ)
     1>ofxOscReceiver.obj : error LNK2001: unresolved external symbol "public: float __thiscall osc::ReceivedMessageArgument::AsFloatUnchecked(void)const " (?AsFloatUnchecked@ReceivedMessageArgument@osc@@QBEMXZ)
     1>ofxOscReceiver.obj : error LNK2001: unresolved external symbol "public: long __thiscall osc::ReceivedMessageArgument::AsInt32Unchecked(void)const " (?AsInt32Unchecked@ReceivedMessageArgument@osc@@QBEJXZ)
     1>ofxOscReceiver.obj : error LNK2001: unresolved external symbol "public: void __thiscall IpEndpointName::AddressAsString(char *)const " (?AddressAsString@IpEndpointName@@QBEXPAD@Z)
     1>ofxOscSender.obj : error LNK2001: unresolved external symbol "private: static unsigned long __cdecl IpEndpointName::GetHostByName(char const *)" (?GetHostByName@IpEndpointName@@CAKPBD@Z)
     1>ofxOscSender.obj : error LNK2001: unresolved external symbol "public: void __thiscall UdpSocket::Connect(class IpEndpointName const &)" (?Connect@UdpSocket@@QAEXABVIpEndpointName@@@Z)
     1>ofxOscSender.obj : error LNK2001: unresolved external symbol "public: class osc::OutboundPacketStream & __thiscall osc::OutboundPacketStream::operator<<(struct osc::MessageTerminator const &)" (??6OutboundPacketStream@osc@@QAEAAV01@ABUMessageTerminator@1@@Z)
     1>ofxOscSender.obj : error LNK2001: unresolved external symbol "struct osc::MessageTerminator osc::EndMessage" (?EndMessage@osc@@3UMessageTerminator@1@A)
     1>ofxOscSender.obj : error LNK2001: unresolved external symbol "public: class osc::OutboundPacketStream & __thiscall osc::OutboundPacketStream::operator<<(char const *)" (??6OutboundPacketStream@osc@@QAEAAV01@PBD@Z)
     1>ofxOscSender.obj : error LNK2001: unresolved external symbol "public: class osc::OutboundPacketStream & __thiscall osc::OutboundPacketStream::operator<<(float)" (??6OutboundPacketStream@osc@@QAEAAV01@M@Z)
     1>ofxOscSender.obj : error LNK2001: unresolved external symbol "public: class osc::OutboundPacketStream & __thiscall osc::OutboundPacketStream::operator<<(long)" (??6OutboundPacketStream@osc@@QAEAAV01@J@Z)
     1>ofxOscSender.obj : error LNK2001: unresolved external symbol "public: class osc::OutboundPacketStream & __thiscall osc::OutboundPacketStream::operator<<(struct osc::BeginMessage const &)" (??6OutboundPacketStream@osc@@QAEAAV01@ABUBeginMessage@1@@Z)
     1>ofxOscSender.obj : error LNK2001: unresolved external symbol "public: __thiscall osc::OutboundPacketStream::~OutboundPacketStream(void)" (??1OutboundPacketStream@osc@@QAE@XZ)
     1>ofxOscSender.obj : error LNK2001: unresolved external symbol "public: void __thiscall UdpSocket::Send(char const *,int)" (?Send@UdpSocket@@QAEXPBDH@Z)
     1>ofxOscSender.obj : error LNK2001: unresolved external symbol "public: char const * __thiscall osc::OutboundPacketStream::Data(void)const " (?Data@OutboundPacketStream@osc@@QBEPBDXZ)
     1>ofxOscSender.obj : error LNK2001: unresolved external symbol "public: unsigned int __thiscall osc::OutboundPacketStream::Size(void)const " (?Size@OutboundPacketStream@osc@@QBEIXZ)
     1>ofxOscSender.obj : error LNK2001: unresolved external symbol "public: class osc::OutboundPacketStream & __thiscall osc::OutboundPacketStream::operator<<(struct osc::BundleTerminator const &)" (??6OutboundPacketStream@osc@@QAEAAV01@ABUBundleTerminator@1@@Z)
     1>ofxOscSender.obj : error LNK2001: unresolved external symbol "struct osc::BundleTerminator osc::EndBundle" (?EndBundle@osc@@3UBundleTerminator@1@A)
     1>ofxOscSender.obj : error LNK2001: unresolved external symbol "public: class osc::OutboundPacketStream & __thiscall osc::OutboundPacketStream::operator<<(struct osc::BundleInitiator const &)" (??6OutboundPacketStream@osc@@QAEAAV01@ABUBundleInitiator@1@@Z)
     1>ofxOscSender.obj : error LNK2001: unresolved external symbol "struct osc::BundleInitiator osc::BeginBundleImmediate" (?BeginBundleImmediate@osc@@3UBundleInitiator@1@A)
     1>ofxOscSender.obj : error LNK2001: unresolved external symbol "public: __thiscall osc::OutboundPacketStream::OutboundPacketStream(char *,unsigned long)" (??0OutboundPacketStream@osc@@QAE@PADK@Z)
     1>bin\jugglinTracker02.exe : fatal error LNK1120: 37 unresolved externals
     1>Done Building Project "C:\cinder\ofX\0.062\apps\myApps\ofxtracker02\kinectExample.vcxproj" (build target(s)) -- FAILED.

Build FAILED.

Time Elapsed 00:00:14.96
