bin\jugglinTracker02_debug.ilk
C:\CINDER\OFX\0.062\APPS\MYAPPS\OFXTRACKER02\BIN\JUGGLINTRACKER02_DEBUG.EXE
C:\CINDER\OFX\0.062\APPS\MYAPPS\OFXTRACKER02\BIN\JUGGLINTRACKER02_DEBUG.ILK
C:\CINDER\OFX\0.062\APPS\MYAPPS\OFXTRACKER02\BIN\JUGGLINTRACKER02_DEBUG_DEBUGINFO.PDB
C:\CINDER\OFX\0.062\APPS\MYAPPS\OFXTRACKER02\OBJ\DEBUG\BLOBTRACKER.OBJ
C:\cinder\ofX\0.062\apps\myApps\ofxtracker02\obj\Debug\cl.command.1.tlog
C:\cinder\ofX\0.062\apps\myApps\ofxtracker02\obj\Debug\CL.read.1.tlog
C:\cinder\ofX\0.062\apps\myApps\ofxtracker02\obj\Debug\CL.write.1.tlog
C:\CINDER\OFX\0.062\APPS\MYAPPS\OFXTRACKER02\OBJ\DEBUG\GUIBASEOBJECT.OBJ
C:\CINDER\OFX\0.062\APPS\MYAPPS\OFXTRACKER02\OBJ\DEBUG\GUICALLBACK.OBJ
C:\CINDER\OFX\0.062\APPS\MYAPPS\OFXTRACKER02\OBJ\DEBUG\GUICALLBACKVALUE.OBJ
C:\CINDER\OFX\0.062\APPS\MYAPPS\OFXTRACKER02\OBJ\DEBUG\GUICOLOR.OBJ
C:\CINDER\OFX\0.062\APPS\MYAPPS\OFXTRACKER02\OBJ\DEBUG\GUITEXTBASE.OBJ
C:\CINDER\OFX\0.062\APPS\MYAPPS\OFXTRACKER02\OBJ\DEBUG\GUITYPE2DSLIDER.OBJ
C:\CINDER\OFX\0.062\APPS\MYAPPS\OFXTRACKER02\OBJ\DEBUG\GUITYPEBUTTONSLIDER.OBJ
C:\CINDER\OFX\0.062\APPS\MYAPPS\OFXTRACKER02\OBJ\DEBUG\GUITYPECHARTPLOTTER.OBJ
C:\CINDER\OFX\0.062\APPS\MYAPPS\OFXTRACKER02\OBJ\DEBUG\GUITYPECUSTOM.OBJ
C:\CINDER\OFX\0.062\APPS\MYAPPS\OFXTRACKER02\OBJ\DEBUG\GUITYPEDRAWABLE.OBJ
C:\CINDER\OFX\0.062\APPS\MYAPPS\OFXTRACKER02\OBJ\DEBUG\GUITYPEFILELISTER.OBJ
C:\CINDER\OFX\0.062\APPS\MYAPPS\OFXTRACKER02\OBJ\DEBUG\GUITYPELABEL.OBJ
C:\CINDER\OFX\0.062\APPS\MYAPPS\OFXTRACKER02\OBJ\DEBUG\GUITYPELOGGER.OBJ
C:\CINDER\OFX\0.062\APPS\MYAPPS\OFXTRACKER02\OBJ\DEBUG\GUITYPEMULTITOGGLE.OBJ
C:\CINDER\OFX\0.062\APPS\MYAPPS\OFXTRACKER02\OBJ\DEBUG\GUITYPEPANEL.OBJ
C:\CINDER\OFX\0.062\APPS\MYAPPS\OFXTRACKER02\OBJ\DEBUG\GUITYPESLIDER.OBJ
C:\CINDER\OFX\0.062\APPS\MYAPPS\OFXTRACKER02\OBJ\DEBUG\GUITYPETEXT.OBJ
C:\CINDER\OFX\0.062\APPS\MYAPPS\OFXTRACKER02\OBJ\DEBUG\GUITYPETEXTDROPDOWN.OBJ
C:\CINDER\OFX\0.062\APPS\MYAPPS\OFXTRACKER02\OBJ\DEBUG\GUITYPETEXTINPUT.OBJ
C:\CINDER\OFX\0.062\APPS\MYAPPS\OFXTRACKER02\OBJ\DEBUG\GUITYPETOGGLE.OBJ
C:\CINDER\OFX\0.062\APPS\MYAPPS\OFXTRACKER02\OBJ\DEBUG\GUITYPEVAIRABLELISTER.OBJ
C:\CINDER\OFX\0.062\APPS\MYAPPS\OFXTRACKER02\OBJ\DEBUG\GUITYPEVIDEO.OBJ
C:\CINDER\OFX\0.062\APPS\MYAPPS\OFXTRACKER02\OBJ\DEBUG\GUIVALUE.OBJ
C:\cinder\ofX\0.062\apps\myApps\ofxtracker02\obj\Debug\jugglinTracker02.write.1.tlog
C:\CINDER\OFX\0.062\APPS\MYAPPS\OFXTRACKER02\OBJ\DEBUG\JUGGLINTRACKER02_DEBUG.EXE.EMBED.MANIFEST
C:\CINDER\OFX\0.062\APPS\MYAPPS\OFXTRACKER02\OBJ\DEBUG\JUGGLINTRACKER02_DEBUG.EXE.EMBED.MANIFEST.RES
C:\CINDER\OFX\0.062\APPS\MYAPPS\OFXTRACKER02\OBJ\DEBUG\JUGGLINTRACKER02_DEBUG.EXE.INTERMEDIATE.MANIFEST
C:\cinder\ofX\0.062\apps\myApps\ofxtracker02\obj\Debug\jugglinTracker02_debug_manifest.rc
C:\cinder\ofX\0.062\apps\myApps\ofxtracker02\obj\Debug\link.4232.read.1.tlog
C:\cinder\ofX\0.062\apps\myApps\ofxtracker02\obj\Debug\link.4232.write.1.tlog
C:\cinder\ofX\0.062\apps\myApps\ofxtracker02\obj\Debug\link.4232-cvtres.read.1.tlog
C:\cinder\ofX\0.062\apps\myApps\ofxtracker02\obj\Debug\link.4232-cvtres.write.1.tlog
C:\cinder\ofX\0.062\apps\myApps\ofxtracker02\obj\Debug\link.4716.read.1.tlog
C:\cinder\ofX\0.062\apps\myApps\ofxtracker02\obj\Debug\link.4716.write.1.tlog
C:\cinder\ofX\0.062\apps\myApps\ofxtracker02\obj\Debug\link.4716-cvtres.read.1.tlog
C:\cinder\ofX\0.062\apps\myApps\ofxtracker02\obj\Debug\link.4716-cvtres.write.1.tlog
C:\cinder\ofX\0.062\apps\myApps\ofxtracker02\obj\Debug\link.4728.read.1.tlog
C:\cinder\ofX\0.062\apps\myApps\ofxtracker02\obj\Debug\link.4728.write.1.tlog
C:\cinder\ofX\0.062\apps\myApps\ofxtracker02\obj\Debug\link.4728-cvtres.read.1.tlog
C:\cinder\ofX\0.062\apps\myApps\ofxtracker02\obj\Debug\link.4728-cvtres.write.1.tlog
C:\cinder\ofX\0.062\apps\myApps\ofxtracker02\obj\Debug\link.4744.read.1.tlog
C:\cinder\ofX\0.062\apps\myApps\ofxtracker02\obj\Debug\link.4744.write.1.tlog
C:\cinder\ofX\0.062\apps\myApps\ofxtracker02\obj\Debug\link.4744-cvtres.read.1.tlog
C:\cinder\ofX\0.062\apps\myApps\ofxtracker02\obj\Debug\link.4744-cvtres.write.1.tlog
C:\cinder\ofX\0.062\apps\myApps\ofxtracker02\obj\Debug\link.4872.read.1.tlog
C:\cinder\ofX\0.062\apps\myApps\ofxtracker02\obj\Debug\link.4872.write.1.tlog
C:\cinder\ofX\0.062\apps\myApps\ofxtracker02\obj\Debug\link.4872-cvtres.read.1.tlog
C:\cinder\ofX\0.062\apps\myApps\ofxtracker02\obj\Debug\link.4872-cvtres.write.1.tlog
C:\cinder\ofX\0.062\apps\myApps\ofxtracker02\obj\Debug\link.5036.read.1.tlog
C:\cinder\ofX\0.062\apps\myApps\ofxtracker02\obj\Debug\link.5036.write.1.tlog
C:\cinder\ofX\0.062\apps\myApps\ofxtracker02\obj\Debug\link.5036-cvtres.read.1.tlog
C:\cinder\ofX\0.062\apps\myApps\ofxtracker02\obj\Debug\link.5036-cvtres.write.1.tlog
C:\cinder\ofX\0.062\apps\myApps\ofxtracker02\obj\Debug\link.5200.read.1.tlog
C:\cinder\ofX\0.062\apps\myApps\ofxtracker02\obj\Debug\link.5200.write.1.tlog
C:\cinder\ofX\0.062\apps\myApps\ofxtracker02\obj\Debug\link.5200-cvtres.read.1.tlog
C:\cinder\ofX\0.062\apps\myApps\ofxtracker02\obj\Debug\link.5200-cvtres.write.1.tlog
C:\cinder\ofX\0.062\apps\myApps\ofxtracker02\obj\Debug\link.5248.read.1.tlog
C:\cinder\ofX\0.062\apps\myApps\ofxtracker02\obj\Debug\link.5248.write.1.tlog
C:\cinder\ofX\0.062\apps\myApps\ofxtracker02\obj\Debug\link.5248-cvtres.read.1.tlog
C:\cinder\ofX\0.062\apps\myApps\ofxtracker02\obj\Debug\link.5248-cvtres.write.1.tlog
C:\cinder\ofX\0.062\apps\myApps\ofxtracker02\obj\Debug\link.5256.read.1.tlog
C:\cinder\ofX\0.062\apps\myApps\ofxtracker02\obj\Debug\link.5256.write.1.tlog
C:\cinder\ofX\0.062\apps\myApps\ofxtracker02\obj\Debug\link.5256-cvtres.read.1.tlog
C:\cinder\ofX\0.062\apps\myApps\ofxtracker02\obj\Debug\link.5256-cvtres.write.1.tlog
C:\cinder\ofX\0.062\apps\myApps\ofxtracker02\obj\Debug\link.5344.read.1.tlog
C:\cinder\ofX\0.062\apps\myApps\ofxtracker02\obj\Debug\link.5344.write.1.tlog
C:\cinder\ofX\0.062\apps\myApps\ofxtracker02\obj\Debug\link.5344-cvtres.read.1.tlog
C:\cinder\ofX\0.062\apps\myApps\ofxtracker02\obj\Debug\link.5344-cvtres.write.1.tlog
C:\cinder\ofX\0.062\apps\myApps\ofxtracker02\obj\Debug\link.5584.read.1.tlog
C:\cinder\ofX\0.062\apps\myApps\ofxtracker02\obj\Debug\link.5584.write.1.tlog
C:\cinder\ofX\0.062\apps\myApps\ofxtracker02\obj\Debug\link.5584-cvtres.read.1.tlog
C:\cinder\ofX\0.062\apps\myApps\ofxtracker02\obj\Debug\link.5584-cvtres.write.1.tlog
C:\cinder\ofX\0.062\apps\myApps\ofxtracker02\obj\Debug\link.6224.read.1.tlog
C:\cinder\ofX\0.062\apps\myApps\ofxtracker02\obj\Debug\link.6224.write.1.tlog
C:\cinder\ofX\0.062\apps\myApps\ofxtracker02\obj\Debug\link.6224-cvtres.read.1.tlog
C:\cinder\ofX\0.062\apps\myApps\ofxtracker02\obj\Debug\link.6224-cvtres.write.1.tlog
C:\cinder\ofX\0.062\apps\myApps\ofxtracker02\obj\Debug\link.6816.read.1.tlog
C:\cinder\ofX\0.062\apps\myApps\ofxtracker02\obj\Debug\link.6816.write.1.tlog
C:\cinder\ofX\0.062\apps\myApps\ofxtracker02\obj\Debug\link.6816-cvtres.read.1.tlog
C:\cinder\ofX\0.062\apps\myApps\ofxtracker02\obj\Debug\link.6816-cvtres.write.1.tlog
C:\cinder\ofX\0.062\apps\myApps\ofxtracker02\obj\Debug\link.7268.read.1.tlog
C:\cinder\ofX\0.062\apps\myApps\ofxtracker02\obj\Debug\link.7268.write.1.tlog
C:\cinder\ofX\0.062\apps\myApps\ofxtracker02\obj\Debug\link.7268-cvtres.read.1.tlog
C:\cinder\ofX\0.062\apps\myApps\ofxtracker02\obj\Debug\link.7268-cvtres.write.1.tlog
C:\cinder\ofX\0.062\apps\myApps\ofxtracker02\obj\Debug\link.7340.read.1.tlog
C:\cinder\ofX\0.062\apps\myApps\ofxtracker02\obj\Debug\link.7340.write.1.tlog
C:\cinder\ofX\0.062\apps\myApps\ofxtracker02\obj\Debug\link.7340-cvtres.read.1.tlog
C:\cinder\ofX\0.062\apps\myApps\ofxtracker02\obj\Debug\link.7340-cvtres.write.1.tlog
C:\cinder\ofX\0.062\apps\myApps\ofxtracker02\obj\Debug\link.8140.read.1.tlog
C:\cinder\ofX\0.062\apps\myApps\ofxtracker02\obj\Debug\link.8140.write.1.tlog
C:\cinder\ofX\0.062\apps\myApps\ofxtracker02\obj\Debug\link.8140-cvtres.read.1.tlog
C:\cinder\ofX\0.062\apps\myApps\ofxtracker02\obj\Debug\link.8140-cvtres.write.1.tlog
C:\cinder\ofX\0.062\apps\myApps\ofxtracker02\obj\Debug\link.8696.read.1.tlog
C:\cinder\ofX\0.062\apps\myApps\ofxtracker02\obj\Debug\link.8696.write.1.tlog
C:\cinder\ofX\0.062\apps\myApps\ofxtracker02\obj\Debug\link.8696-cvtres.read.1.tlog
C:\cinder\ofX\0.062\apps\myApps\ofxtracker02\obj\Debug\link.8696-cvtres.write.1.tlog
C:\cinder\ofX\0.062\apps\myApps\ofxtracker02\obj\Debug\link.8764.read.1.tlog
C:\cinder\ofX\0.062\apps\myApps\ofxtracker02\obj\Debug\link.8764.write.1.tlog
C:\cinder\ofX\0.062\apps\myApps\ofxtracker02\obj\Debug\link.8764-cvtres.read.1.tlog
C:\cinder\ofX\0.062\apps\myApps\ofxtracker02\obj\Debug\link.8764-cvtres.write.1.tlog
C:\cinder\ofX\0.062\apps\myApps\ofxtracker02\obj\Debug\link.9108.read.1.tlog
C:\cinder\ofX\0.062\apps\myApps\ofxtracker02\obj\Debug\link.9108.write.1.tlog
C:\cinder\ofX\0.062\apps\myApps\ofxtracker02\obj\Debug\link.9108-cvtres.read.1.tlog
C:\cinder\ofX\0.062\apps\myApps\ofxtracker02\obj\Debug\link.9108-cvtres.write.1.tlog
C:\cinder\ofX\0.062\apps\myApps\ofxtracker02\obj\Debug\link.command.1.tlog
C:\cinder\ofX\0.062\apps\myApps\ofxtracker02\obj\Debug\link.read.1.tlog
C:\cinder\ofX\0.062\apps\myApps\ofxtracker02\obj\Debug\link.write.1.tlog
C:\CINDER\OFX\0.062\APPS\MYAPPS\OFXTRACKER02\OBJ\DEBUG\MAIN.OBJ
C:\cinder\ofX\0.062\apps\myApps\ofxtracker02\obj\Debug\mt.command.1.tlog
C:\cinder\ofX\0.062\apps\myApps\ofxtracker02\obj\Debug\mt.read.1.tlog
C:\cinder\ofX\0.062\apps\myApps\ofxtracker02\obj\Debug\mt.write.1.tlog
C:\CINDER\OFX\0.062\APPS\MYAPPS\OFXTRACKER02\OBJ\DEBUG\OFXCONTROLPANEL.OBJ
C:\CINDER\OFX\0.062\APPS\MYAPPS\OFXTRACKER02\OBJ\DEBUG\OFXCVCOLORIMAGE.OBJ
C:\CINDER\OFX\0.062\APPS\MYAPPS\OFXTRACKER02\OBJ\DEBUG\OFXCVCONTOURFINDER.OBJ
C:\CINDER\OFX\0.062\APPS\MYAPPS\OFXTRACKER02\OBJ\DEBUG\OFXCVFLOATIMAGE.OBJ
C:\CINDER\OFX\0.062\APPS\MYAPPS\OFXTRACKER02\OBJ\DEBUG\OFXCVGRAYSCALEIMAGE.OBJ
C:\CINDER\OFX\0.062\APPS\MYAPPS\OFXTRACKER02\OBJ\DEBUG\OFXCVIMAGE.OBJ
C:\CINDER\OFX\0.062\APPS\MYAPPS\OFXTRACKER02\OBJ\DEBUG\OFXCVSHORTIMAGE.OBJ
C:\CINDER\OFX\0.062\APPS\MYAPPS\OFXTRACKER02\OBJ\DEBUG\OFXDIRLIST.OBJ
C:\CINDER\OFX\0.062\APPS\MYAPPS\OFXTRACKER02\OBJ\DEBUG\OFXKINECT.OBJ
C:\CINDER\OFX\0.062\APPS\MYAPPS\OFXTRACKER02\OBJ\DEBUG\OFXKINECTCALIBRATION.OBJ
C:\CINDER\OFX\0.062\APPS\MYAPPS\OFXTRACKER02\OBJ\DEBUG\OFXKINECTPLAYER.OBJ
C:\CINDER\OFX\0.062\APPS\MYAPPS\OFXTRACKER02\OBJ\DEBUG\OFXKINECTRECORDER.OBJ
C:\CINDER\OFX\0.062\APPS\MYAPPS\OFXTRACKER02\OBJ\DEBUG\OFXMATRIX4X4.OBJ
C:\CINDER\OFX\0.062\APPS\MYAPPS\OFXTRACKER02\OBJ\DEBUG\OFXQUATERNION.OBJ
C:\CINDER\OFX\0.062\APPS\MYAPPS\OFXTRACKER02\OBJ\DEBUG\OFXTHREAD.OBJ
C:\CINDER\OFX\0.062\APPS\MYAPPS\OFXTRACKER02\OBJ\DEBUG\OFXXMLSETTINGS.OBJ
C:\cinder\ofX\0.062\apps\myApps\ofxtracker02\obj\Debug\rc.command.1.tlog
C:\cinder\ofX\0.062\apps\myApps\ofxtracker02\obj\Debug\rc.read.1.tlog
C:\cinder\ofX\0.062\apps\myApps\ofxtracker02\obj\Debug\rc.write.1.tlog
C:\CINDER\OFX\0.062\APPS\MYAPPS\OFXTRACKER02\OBJ\DEBUG\SIMPLECOLOR.OBJ
C:\CINDER\OFX\0.062\APPS\MYAPPS\OFXTRACKER02\OBJ\DEBUG\SIMPLEFILELISTER.OBJ
C:\CINDER\OFX\0.062\APPS\MYAPPS\OFXTRACKER02\OBJ\DEBUG\SIMPLELOGGER.OBJ
C:\CINDER\OFX\0.062\APPS\MYAPPS\OFXTRACKER02\OBJ\DEBUG\TESTAPP.OBJ
C:\CINDER\OFX\0.062\APPS\MYAPPS\OFXTRACKER02\OBJ\DEBUG\TINYXML.OBJ
C:\CINDER\OFX\0.062\APPS\MYAPPS\OFXTRACKER02\OBJ\DEBUG\TINYXMLERROR.OBJ
C:\CINDER\OFX\0.062\APPS\MYAPPS\OFXTRACKER02\OBJ\DEBUG\TINYXMLPARSER.OBJ
C:\cinder\ofX\0.062\apps\myApps\ofxtracker02\obj\Debug\vc100.idb
C:\CINDER\OFX\0.062\APPS\MYAPPS\OFXTRACKER02\OBJ\DEBUG\VC100.PDB
